<?xml version="1.0" encoding="UTF-8"?>
<testng-results ignored="0" total="1" passed="1" failed="0" skipped="0">
  <reporter-output>
  </reporter-output>
  <suite started-at="2021-08-20T15:28:36 IST" name="Suite" finished-at="2021-08-20T15:28:40 IST" duration-ms="4033">
    <groups>
    </groups>
    <test started-at="2021-08-20T15:28:36 IST" name="Test" finished-at="2021-08-20T15:28:40 IST" duration-ms="4033">
      <class name="base.BaseTest">
        <test-method signature="test()[pri:0, instance:base.BaseTest@1ba9117e]" started-at="2021-08-20T15:28:36 IST" name="test" finished-at="2021-08-20T15:28:40 IST" duration-ms="3997" status="PASS">
          <reporter-output>
          </reporter-output>
        </test-method> <!-- test -->
      </class> <!-- base.BaseTest -->
    </test> <!-- Test -->
  </suite> <!-- Suite -->
</testng-results>
